[INFO] Scanning for projects...
[INFO] 
[INFO] -----------------------< kaffaapp:kaffa-server >------------------------
[INFO] Building kaffa-server 0.0.1-SNAPSHOT
[INFO]   from pom.xml
[INFO] --------------------------------[ jar ]---------------------------------
[INFO] 
[INFO] >>> spring-boot:4.0.1:run (default-cli) > test-compile @ kaffa-server >>>
[INFO] 
[INFO] --- resources:3.3.1:resources (default-resources) @ kaffa-server ---
[INFO] Copying 1 resource from src/main/resources to target/classes
[INFO] Copying 0 resource from src/main/resources to target/classes
[INFO] 
[INFO] --- compiler:3.14.1:compile (default-compile) @ kaffa-server ---
[INFO] Nothing to compile - all classes are up to date.
[INFO] 
[INFO] --- resources:3.3.1:testResources (default-testResources) @ kaffa-server ---
[INFO] skip non existing resourceDirectory /home/andresc/kaffaapp/kaffaadvance/kaffa-server/kaffa-server/src/test/resources
[INFO] 
[INFO] --- compiler:3.14.1:testCompile (default-testCompile) @ kaffa-server ---
[INFO] Nothing to compile - all classes are up to date.
[INFO] 
[INFO] <<< spring-boot:4.0.1:run (default-cli) < test-compile @ kaffa-server <<<
[INFO] 
[INFO] 
[INFO] --- spring-boot:4.0.1:run (default-cli) @ kaffa-server ---
[INFO] Attaching agents: []

  .   ____          _            __ _ _
 /\\ / ___'_ __ _ _(_)_ __  __ _ \ \ \ \
( ( )\___ | '_ | '_| | '_ \/ _` | \ \ \ \
 \\/  ___)| |_)| | | | | || (_| |  ) ) ) )
  '  |____| .__|_| |_|_| |_\__, | / / / /
 =========|_|==============|___/=/_/_/_/

 :: Spring Boot ::                (v4.0.1)

2026-04-01T12:15:41.980-05:00  INFO 16610 --- [kaffa-server] [  restartedMain] k.kaffa_server.KaffaServerApplication    : Starting KaffaServerApplication using Java 17.0.18 with PID 16610 (/home/andresc/kaffaapp/kaffaadvance/kaffa-server/kaffa-server/target/classes started by andresc in /home/andresc/kaffaapp/kaffaadvance/kaffa-server/kaffa-server)
2026-04-01T12:15:41.992-05:00  INFO 16610 --- [kaffa-server] [  restartedMain] k.kaffa_server.KaffaServerApplication    : No active profile set, falling back to 1 default profile: "default"
2026-04-01T12:15:42.366-05:00  INFO 16610 --- [kaffa-server] [  restartedMain] .e.DevToolsPropertyDefaultsPostProcessor : Devtools property defaults active! Set 'spring.devtools.add-properties' to 'false' to disable
2026-04-01T12:15:42.367-05:00  INFO 16610 --- [kaffa-server] [  restartedMain] .e.DevToolsPropertyDefaultsPostProcessor : For additional web related logging consider setting the 'logging.level.web' property to 'DEBUG'
2026-04-01T12:15:45.498-05:00  INFO 16610 --- [kaffa-server] [  restartedMain] o.s.boot.tomcat.TomcatWebServer          : Tomcat initialized with port 8080 (http)
2026-04-01T12:15:45.517-05:00  INFO 16610 --- [kaffa-server] [  restartedMain] o.apache.catalina.core.StandardService   : Starting service [Tomcat]
2026-04-01T12:15:45.518-05:00  INFO 16610 --- [kaffa-server] [  restartedMain] o.apache.catalina.core.StandardEngine    : Starting Servlet engine: [Apache Tomcat/11.0.15]
2026-04-01T12:15:45.565-05:00  INFO 16610 --- [kaffa-server] [  restartedMain] b.w.c.s.WebApplicationContextInitializer : Root WebApplicationContext: initialization completed in 3194 ms
2026-04-01T12:15:48.317-05:00  INFO 16610 --- [kaffa-server] [  restartedMain] o.s.boot.tomcat.TomcatWebServer          : Tomcat started on port 8080 (http) with context path '/'
2026-04-01T12:15:48.326-05:00  INFO 16610 --- [kaffa-server] [  restartedMain] k.kaffa_server.KaffaServerApplication    : Started KaffaServerApplication in 7.694 seconds (process running for 8.995)
2026-04-01T12:15:48.381-05:00  INFO 16610 --- [kaffa-server] [  restartedMain] k.kaffa_server.KaffaServerApplication    : Initializing database tables...
2026-04-01T12:15:48.382-05:00  INFO 16610 --- [kaffa-server] [  restartedMain] com.zaxxer.hikari.HikariDataSource       : HikariPool-1 - Starting...
2026-04-01T12:15:48.961-05:00  INFO 16610 --- [kaffa-server] [  restartedMain] com.zaxxer.hikari.pool.HikariPool        : HikariPool-1 - Added connection org.sqlite.jdbc4.JDBC4Connection@34bf373f
2026-04-01T12:15:48.966-05:00  INFO 16610 --- [kaffa-server] [  restartedMain] com.zaxxer.hikari.HikariDataSource       : HikariPool-1 - Start completed.
2026-04-01T12:15:48.993-05:00  INFO 16610 --- [kaffa-server] [  restartedMain] k.kaffa_server.KaffaServerApplication    : Tables checked.
2026-04-01T12:15:49.009-05:00  INFO 16610 --- [kaffa-server] [  restartedMain] k.kaffa_server.KaffaServerApplication    : Database initialization complete.
2026-04-01T12:17:05.595-05:00  INFO 16610 --- [kaffa-server] [nio-8080-exec-1] o.a.c.c.C.[Tomcat].[localhost].[/]       : Initializing Spring DispatcherServlet 'dispatcherServlet'
2026-04-01T12:17:05.596-05:00  INFO 16610 --- [kaffa-server] [nio-8080-exec-1] o.s.web.servlet.DispatcherServlet        : Initializing Servlet 'dispatcherServlet'
2026-04-01T12:17:05.600-05:00  INFO 16610 --- [kaffa-server] [nio-8080-exec-1] o.s.web.servlet.DispatcherServlet        : Completed initialization in 3 ms
[INFO] ------------------------------------------------------------------------
[INFO] BUILD FAILURE
[INFO] ------------------------------------------------------------------------
[INFO] Total time:  11:22 min
[INFO] Finished at: 2026-04-01T12:26:59-05:00
[INFO] ------------------------------------------------------------------------
[ERROR] Failed to execute goal org.springframework.boot:spring-boot-maven-plugin:4.0.1:run (default-cli) on project kaffa-server: Process terminated with exit code: 137 -> [Help 1]
[ERROR] 
[ERROR] To see the full stack trace of the errors, re-run Maven with the -e switch.
[ERROR] Re-run Maven using the -X switch to enable full debug logging.
[ERROR] 
[ERROR] For more information about the errors and possible solutions, please read the following articles:
[ERROR] [Help 1] http://cwiki.apache.org/confluence/display/MAVEN/MojoExecutionException
